{"C:\\Mine\\Projects\\nebuladen\\backend\\middleware\\auth.js": {"path":"C:\\Mine\\Projects\\nebuladen\\backend\\middleware\\auth.js","statementMap":{"0":{"start":{"line":1,"column":12},"end":{"line":1,"column":35}},"1":{"start":{"line":3,"column":19},"end":{"line":3,"column":67}},"2":{"start":{"line":7,"column":2},"end":{"line":21,"column":3}},"3":{"start":{"line":8,"column":19},"end":{"line":8,"column":44}},"4":{"start":{"line":9,"column":4},"end":{"line":9,"column":79}},"5":{"start":{"line":9,"column":17},"end":{"line":9,"column":79}},"6":{"start":{"line":10,"column":18},"end":{"line":10,"column":38}},"7":{"start":{"line":11,"column":4},"end":{"line":16,"column":5}},"8":{"start":{"line":12,"column":6},"end":{"line":12,"column":47}},"9":{"start":{"line":13,"column":6},"end":{"line":13,"column":13}},"10":{"start":{"line":15,"column":6},"end":{"line":15,"column":64}},"11":{"start":{"line":19,"column":18},"end":{"line":19,"column":21}},"12":{"start":{"line":20,"column":4},"end":{"line":20,"column":41}},"13":{"start":{"line":25,"column":2},"end":{"line":25,"column":60}},"14":{"start":{"line":28,"column":0},"end":{"line":28,"column":44}}},"fnMap":{"0":{"name":"verifyToken","decl":{"start":{"line":5,"column":9},"end":{"line":5,"column":20}},"loc":{"start":{"line":5,"column":37},"end":{"line":22,"column":1}},"line":5},"1":{"name":"signToken","decl":{"start":{"line":24,"column":9},"end":{"line":24,"column":18}},"loc":{"start":{"line":24,"column":28},"end":{"line":26,"column":1}},"line":24}},"branchMap":{"0":{"loc":{"start":{"line":3,"column":19},"end":{"line":3,"column":67}},"type":"binary-expr","locations":[{"start":{"line":3,"column":19},"end":{"line":3,"column":41}},{"start":{"line":3,"column":45},"end":{"line":3,"column":67}}],"line":3},"1":{"loc":{"start":{"line":7,"column":2},"end":{"line":21,"column":3}},"type":"if","locations":[{"start":{"line":7,"column":2},"end":{"line":21,"column":3}},{"start":{"line":17,"column":9},"end":{"line":21,"column":3}}],"line":7},"2":{"loc":{"start":{"line":7,"column":6},"end":{"line":7,"column":24}},"type":"binary-expr","locations":[{"start":{"line":7,"column":6},"end":{"line":7,"column":9}},{"start":{"line":7,"column":13},"end":{"line":7,"column":16}},{"start":{"line":7,"column":20},"end":{"line":7,"column":24}}],"line":7},"3":{"loc":{"start":{"line":9,"column":4},"end":{"line":9,"column":79}},"type":"if","locations":[{"start":{"line":9,"column":4},"end":{"line":9,"column":79}},{"start":{},"end":{}}],"line":9}},"s":{"0":2,"1":2,"2":6,"3":3,"4":3,"5":1,"6":2,"7":2,"8":2,"9":1,"10":1,"11":3,"12":3,"13":4,"14":2},"f":{"0":6,"1":4},"b":{"0":[2,2],"1":[3,3],"2":[6,6,3],"3":[1,2]},"_coverageSchema":"1a1c01bbd47fc00a2c39e90264f33305004495a9","hash":"c8d50abef1c9047a629aff82c0c83a1de4ec0c89"}
,"C:\\Mine\\Projects\\nebuladen\\backend\\routes\\auth.js": {"path":"C:\\Mine\\Projects\\nebuladen\\backend\\routes\\auth.js","statementMap":{"0":{"start":{"line":1,"column":16},"end":{"line":1,"column":34}},"1":{"start":{"line":2,"column":15},"end":{"line":2,"column":34}},"2":{"start":{"line":3,"column":31},"end":{"line":3,"column":48}},"3":{"start":{"line":4,"column":22},"end":{"line":4,"column":51}},"4":{"start":{"line":5,"column":11},"end":{"line":5,"column":24}},"5":{"start":{"line":6,"column":13},"end":{"line":6,"column":28}},"6":{"start":{"line":8,"column":15},"end":{"line":8,"column":31}},"7":{"start":{"line":11,"column":16},"end":{"line":11,"column":50}},"8":{"start":{"line":14,"column":2},"end":{"line":16,"column":3}},"9":{"start":{"line":15,"column":4},"end":{"line":15,"column":50}},"10":{"start":{"line":17,"column":2},"end":{"line":17,"column":54}},"11":{"start":{"line":21,"column":2},"end":{"line":21,"column":60}},"12":{"start":{"line":24,"column":0},"end":{"line":46,"column":3}},"13":{"start":{"line":25,"column":36},"end":{"line":25,"column":44}},"14":{"start":{"line":27,"column":2},"end":{"line":28,"column":72}},"15":{"start":{"line":28,"column":4},"end":{"line":28,"column":72}},"16":{"start":{"line":30,"column":16},"end":{"line":30,"column":27}},"17":{"start":{"line":32,"column":2},"end":{"line":33,"column":69}},"18":{"start":{"line":33,"column":4},"end":{"line":33,"column":69}},"19":{"start":{"line":35,"column":2},"end":{"line":36,"column":87}},"20":{"start":{"line":36,"column":4},"end":{"line":36,"column":87}},"21":{"start":{"line":38,"column":17},"end":{"line":38,"column":48}},"22":{"start":{"line":39,"column":13},"end":{"line":39,"column":21}},"23":{"start":{"line":41,"column":2},"end":{"line":41,"column":78}},"24":{"start":{"line":42,"column":2},"end":{"line":42,"column":19}},"25":{"start":{"line":44,"column":16},"end":{"line":44,"column":46}},"26":{"start":{"line":45,"column":2},"end":{"line":45,"column":49}},"27":{"start":{"line":48,"column":0},"end":{"line":66,"column":3}},"28":{"start":{"line":49,"column":30},"end":{"line":49,"column":38}},"29":{"start":{"line":51,"column":2},"end":{"line":52,"column":72}},"30":{"start":{"line":52,"column":4},"end":{"line":52,"column":72}},"31":{"start":{"line":54,"column":16},"end":{"line":54,"column":27}},"32":{"start":{"line":55,"column":15},"end":{"line":55,"column":27}},"33":{"start":{"line":57,"column":2},"end":{"line":58,"column":74}},"34":{"start":{"line":58,"column":4},"end":{"line":58,"column":74}},"35":{"start":{"line":60,"column":16},"end":{"line":60,"column":61}},"36":{"start":{"line":61,"column":2},"end":{"line":62,"column":74}},"37":{"start":{"line":62,"column":4},"end":{"line":62,"column":74}},"38":{"start":{"line":64,"column":16},"end":{"line":64,"column":78}},"39":{"start":{"line":65,"column":2},"end":{"line":65,"column":81}},"40":{"start":{"line":68,"column":0},"end":{"line":68,"column":24}}},"fnMap":{"0":{"name":"loadUsers","decl":{"start":{"line":13,"column":9},"end":{"line":13,"column":18}},"loc":{"start":{"line":13,"column":21},"end":{"line":18,"column":1}},"line":13},"1":{"name":"saveUsers","decl":{"start":{"line":20,"column":9},"end":{"line":20,"column":18}},"loc":{"start":{"line":20,"column":26},"end":{"line":22,"column":1}},"line":20},"2":{"name":"(anonymous_2)","decl":{"start":{"line":24,"column":23},"end":{"line":24,"column":24}},"loc":{"start":{"line":24,"column":43},"end":{"line":46,"column":1}},"line":24},"3":{"name":"(anonymous_3)","decl":{"start":{"line":48,"column":22},"end":{"line":48,"column":23}},"loc":{"start":{"line":48,"column":42},"end":{"line":66,"column":1}},"line":48}},"branchMap":{"0":{"loc":{"start":{"line":14,"column":2},"end":{"line":16,"column":3}},"type":"if","locations":[{"start":{"line":14,"column":2},"end":{"line":16,"column":3}},{"start":{},"end":{}}],"line":14},"1":{"loc":{"start":{"line":27,"column":2},"end":{"line":28,"column":72}},"type":"if","locations":[{"start":{"line":27,"column":2},"end":{"line":28,"column":72}},{"start":{},"end":{}}],"line":27},"2":{"loc":{"start":{"line":27,"column":6},"end":{"line":27,"column":34}},"type":"binary-expr","locations":[{"start":{"line":27,"column":6},"end":{"line":27,"column":11}},{"start":{"line":27,"column":15},"end":{"line":27,"column":21}},{"start":{"line":27,"column":25},"end":{"line":27,"column":34}}],"line":27},"3":{"loc":{"start":{"line":32,"column":2},"end":{"line":33,"column":69}},"type":"if","locations":[{"start":{"line":32,"column":2},"end":{"line":33,"column":69}},{"start":{},"end":{}}],"line":32},"4":{"loc":{"start":{"line":35,"column":2},"end":{"line":36,"column":87}},"type":"if","locations":[{"start":{"line":35,"column":2},"end":{"line":36,"column":87}},{"start":{},"end":{}}],"line":35},"5":{"loc":{"start":{"line":51,"column":2},"end":{"line":52,"column":72}},"type":"if","locations":[{"start":{"line":51,"column":2},"end":{"line":52,"column":72}},{"start":{},"end":{}}],"line":51},"6":{"loc":{"start":{"line":51,"column":6},"end":{"line":51,"column":25}},"type":"binary-expr","locations":[{"start":{"line":51,"column":6},"end":{"line":51,"column":12}},{"start":{"line":51,"column":16},"end":{"line":51,"column":25}}],"line":51},"7":{"loc":{"start":{"line":57,"column":2},"end":{"line":58,"column":74}},"type":"if","locations":[{"start":{"line":57,"column":2},"end":{"line":58,"column":74}},{"start":{},"end":{}}],"line":57},"8":{"loc":{"start":{"line":61,"column":2},"end":{"line":62,"column":74}},"type":"if","locations":[{"start":{"line":61,"column":2},"end":{"line":62,"column":74}},{"start":{},"end":{}}],"line":61}},"s":{"0":1,"1":1,"2":1,"3":1,"4":1,"5":1,"6":1,"7":1,"8":6,"9":0,"10":6,"11":1,"12":1,"13":4,"14":4,"15":1,"16":3,"17":3,"18":1,"19":2,"20":1,"21":1,"22":1,"23":1,"24":1,"25":1,"26":1,"27":1,"28":4,"29":4,"30":1,"31":3,"32":3,"33":3,"34":1,"35":2,"36":2,"37":1,"38":1,"39":1,"40":1},"f":{"0":6,"1":1,"2":4,"3":4},"b":{"0":[0,6],"1":[1,3],"2":[4,3,3],"3":[1,2],"4":[1,1],"5":[1,3],"6":[4,4],"7":[1,2],"8":[1,1]},"_coverageSchema":"1a1c01bbd47fc00a2c39e90264f33305004495a9","hash":"b3dc9d3303cf69deb8b1a9a835b4782cd91c2574"}
}
