TN:
SF:middleware\auth.js
FN:5,verifyToken
FN:24,signToken
FNF:2
FNH:2
FNDA:6,verifyToken
FNDA:4,signToken
DA:1,2
DA:3,2
DA:7,6
DA:8,3
DA:9,3
DA:10,2
DA:11,2
DA:12,2
DA:13,1
DA:15,1
DA:19,3
DA:20,3
DA:25,4
DA:28,2
LF:14
LH:14
BRDA:3,0,0,2
BRDA:3,0,1,2
BRDA:7,1,0,3
BRDA:7,1,1,3
BRDA:7,2,0,6
BRDA:7,2,1,6
BRDA:7,2,2,3
BRDA:9,3,0,1
BRDA:9,3,1,2
BRF:9
BRH:9
end_of_record
TN:
SF:routes\auth.js
FN:13,loadUsers
FN:20,saveUsers
FN:24,(anonymous_2)
FN:48,(anonymous_3)
FNF:4
FNH:4
FNDA:6,loadUsers
FNDA:1,saveUsers
FNDA:4,(anonymous_2)
FNDA:4,(anonymous_3)
DA:1,1
DA:2,1
DA:3,1
DA:4,1
DA:5,1
DA:6,1
DA:8,1
DA:11,1
DA:14,6
DA:15,0
DA:17,6
DA:21,1
DA:24,1
DA:25,4
DA:27,4
DA:28,1
DA:30,3
DA:32,3
DA:33,1
DA:35,2
DA:36,1
DA:38,1
DA:39,1
DA:41,1
DA:42,1
DA:44,1
DA:45,1
DA:48,1
DA:49,4
DA:51,4
DA:52,1
DA:54,3
DA:55,3
DA:57,3
DA:58,1
DA:60,2
DA:61,2
DA:62,1
DA:64,1
DA:65,1
DA:68,1
LF:41
LH:40
BRDA:14,0,0,0
BRDA:14,0,1,6
BRDA:27,1,0,1
BRDA:27,1,1,3
BRDA:27,2,0,4
BRDA:27,2,1,3
BRDA:27,2,2,3
BRDA:32,3,0,1
BRDA:32,3,1,2
BRDA:35,4,0,1
BRDA:35,4,1,1
BRDA:51,5,0,1
BRDA:51,5,1,3
BRDA:51,6,0,4
BRDA:51,6,1,4
BRDA:57,7,0,1
BRDA:57,7,1,2
BRDA:61,8,0,1
BRDA:61,8,1,1
BRF:19
BRH:18
end_of_record
